V |                      | ArgumentsFromParametersFile.OnBuildCreated (150)
V |                      | HandleReSharperSurrogateArguments.OnBuildCreated (150)
V |                      | InjectParameterValues.OnBuildCreated (100)
V |                      | HandleShellCompletion.OnBuildCreated (75)
V |                      | GenerateBuildServerConfigurations.OnBuildCreated (50)
V |                      | InvokeBuildServerConfigurationGeneration.OnBuildCreated (45)
V |                      | UpdateNotification.OnBuildCreated (10)
V |                      | UnsetVisualStudioEnvironmentVariables.OnBuildCreated (0)
V |                      | HandleVisualStudioDebugging.OnBuildCreated (0)
V |                      | EventInvoker.OnBuildCreated (-3.4028235E+38)
V |                      | HandlePlanRequests.OnBuildInitialized (10)
V |                      | HandleHelpRequests.OnBuildInitialized (5)
V |                      | Telemetry.OnBuildInitialized (0)
V |                      | Sending BuildStarted telemetry event ...
V |                      |   build_components         = 
V |                      |   build_type               = Project
V |                      |   compile_time             = 4
V |                      |   config_generators        = 
V |                      |   host                     = VisualStudio
V |                      |   num_custom_components    = 0
V |                      |   num_custom_extensions    = 0
V |                      |   num_partitioned_targets  = 0
V |                      |   num_secrets              = 0
V |                      |   num_targets              = 3
V |                      |   os_architecture          = X64
V |                      |   os_platform              = Windows
V |                      |   repo_branch              = main
V |                      |   repo_commit              = 09cd01
V |                      |   repo_provider            = GitHub
V |                      |   repo_url                 = a7e3b4
V |                      |   target_framework         = .NETCoreApp,Version=v8.0
V |                      |   version_dotnet_sdk       = 8.0.400
V |                      |   version_nuke_common      = 8.1.0
V |                      |   version_nuke_global_tool = 8.1.0
V |                      | InjectNonParameterValues.OnBuildInitialized (-100)
I |                      | > "C:\Program Files\dotnet\dotnet.exe" C:\Users\sebfi\.nuget\packages\gitversion.tool\5.12.0\tools\net6.0\any\gitversion.dll /nocache
V |                      | @ C:\Development\OCRmyPDF-Server
V |                      | EventInvoker.OnBuildInitialized (-3.4028235E+38)
V | Restore              | EventInvoker.OnTargetRunning (-3.4028235E+38)
I | Restore              | Commit = 8203ebc1d816499928c166e3d75ebcfb26adb7ae
I | Restore              | Branch = master
I | Restore              | Tags = []
I | Restore              | main/master branch = True
I | Restore              | release/* branch = False
I | Restore              | hotfix/* branch = False
I | Restore              | Https URL = https://github.com/sebfischer83/OCRmyPDF-Server.git
I | Restore              | SSH URL = git@github.com:sebfischer83/OCRmyPDF-Server.git
I | Restore              | GitVersion = 0.1.0+4
I | Restore              | > "C:\Program Files\dotnet\dotnet.exe" restore
V | Restore              | @ C:\Development\OCRmyPDF-Server
E | Restore              | MSBUILD : error MSB1011: Geben Sie an, welches Projekt oder welche Projektmappendatei verwendet werden soll, da dieser Ordner mehrere Projekte oder Projektmappendateien enthält.
E | Restore              | Target Restore has thrown an exception
Nuke.Common.Tooling.ProcessException: Process 'dotnet.exe' exited with code 1.
   > "C:\Program Files\dotnet\dotnet.exe" restore
   @ C:\Development\OCRmyPDF-Server
Standard output:
   MSBUILD : error MSB1011: Geben Sie an, welches Projekt oder welche Projektmappendatei verwendet werden soll, da dieser Ordner mehrere Projekte oder Projektmappendateien enthält.

   at Nuke.Common.Tooling.ProcessExtensions.AssertZeroExitCode(IProcess process) in /_/source/Nuke.Tooling/ProcessExtensions.cs:line 39
   at Nuke.Common.Tooling.ProcessTasks.DefaultExitHandler(ToolSettings toolSettings, IProcess process) in /_/source/Nuke.Tooling/ProcessTasks.cs:line 257
   at Nuke.Common.Tools.DotNet.DotNetTasks.DotNetRestore(DotNetRestoreSettings toolSettings) in /_/source/Nuke.Common/Tools/DotNet/DotNet.Generated.cs:line 334
   at Nuke.Common.Tools.DotNet.DotNetTasks.DotNetRestore(Configure`1 configurator) in /_/source/Nuke.Common/Tools/DotNet/DotNet.Generated.cs:line 364
   at Build.<get_Restore>b__8_1() in C:\Development\OCRmyPDF-Server\build\Build.cs:line 56
   at Nuke.Common.Execution.BuildExecutor.<>c.<Execute>b__4_2(Action x) in /_/source/Nuke.Build/Execution/BuildExecutor.cs:line 120
   at System.Collections.Generic.List`1.ForEach(Action`1 action)
   at Nuke.Common.Execution.BuildExecutor.Execute(NukeBuild build, ExecutableTarget target, IReadOnlyCollection`1 previouslyExecutedTargets, Boolean failureMode) in /_/source/Nuke.Build/Execution/BuildExecutor.cs:line 120
V | Restore              | EventInvoker.OnTargetFailed (-3.4028235E+38)
