V |                      | ArgumentsFromParametersFile.OnBuildCreated (150)
V |                      | HandleReSharperSurrogateArguments.OnBuildCreated (150)
V |                      | InjectParameterValues.OnBuildCreated (100)
V |                      | HandleShellCompletion.OnBuildCreated (75)
V |                      | GenerateBuildServerConfigurations.OnBuildCreated (50)
V |                      | InvokeBuildServerConfigurationGeneration.OnBuildCreated (45)
V |                      | UpdateNotification.OnBuildCreated (10)
V |                      | UnsetVisualStudioEnvironmentVariables.OnBuildCreated (0)
V |                      | HandleVisualStudioDebugging.OnBuildCreated (0)
V |                      | EventInvoker.OnBuildCreated (-3.4028235E+38)
V |                      | HandlePlanRequests.OnBuildInitialized (10)
V |                      | HandleHelpRequests.OnBuildInitialized (5)
V |                      | Telemetry.OnBuildInitialized (0)
V |                      | Sending BuildStarted telemetry event ...
V |                      |   build_components         = 
V |                      |   build_type               = Project
V |                      |   compile_time             = 4
V |                      |   config_generators        = 
V |                      |   host                     = VisualStudio
V |                      |   num_custom_components    = 0
V |                      |   num_custom_extensions    = 0
V |                      |   num_partitioned_targets  = 0
V |                      |   num_secrets              = 0
V |                      |   num_targets              = 3
V |                      |   os_architecture          = X64
V |                      |   os_platform              = Windows
V |                      |   repo_branch              = main
V |                      |   repo_commit              = 09cd01
V |                      |   repo_provider            = GitHub
V |                      |   repo_url                 = a7e3b4
V |                      |   target_framework         = .NETCoreApp,Version=v8.0
V |                      |   version_dotnet_sdk       = 8.0.400
V |                      |   version_nuke_common      = 8.1.0
V |                      |   version_nuke_global_tool = 8.1.0
V |                      | InjectNonParameterValues.OnBuildInitialized (-100)
I |                      | > "C:\Program Files\dotnet\dotnet.exe" C:\Users\sebfi\.nuget\packages\gitversion.tool\5.12.0\tools\net6.0\any\gitversion.dll /nocache
V |                      | @ C:\Development\OCRmyPDF-Server
V |                      | EventInvoker.OnBuildInitialized (-3.4028235E+38)
V | Restore              | EventInvoker.OnTargetRunning (-3.4028235E+38)
I | Restore              | Commit = 8203ebc1d816499928c166e3d75ebcfb26adb7ae
I | Restore              | Branch = master
I | Restore              | Tags = []
I | Restore              | main/master branch = True
I | Restore              | release/* branch = False
I | Restore              | hotfix/* branch = False
I | Restore              | Https URL = https://github.com/sebfischer83/OCRmyPDF-Server.git
I | Restore              | SSH URL = git@github.com:sebfischer83/OCRmyPDF-Server.git
I | Restore              | GitVersion = 0.1.0+4
I | Restore              | > "C:\Program Files\dotnet\dotnet.exe" restore C:\Development\OCRmyPDF-Server\OCRmyPDF-Server.sln
V | Restore              | @ C:\Development\OCRmyPDF-Server
D | Restore              |   Wiederherzustellende Projekte werden ermittelt...
D | Restore              |   Alle Projekte sind für die Wiederherstellung auf dem neuesten Stand.
V | Restore              | Telemetry.OnTargetSucceeded (0)
V | Restore              | Sending TargetSucceeded telemetry event ...
V | Restore              |   build_components         = 
V | Restore              |   build_type               = Project
V | Restore              |   compile_time             = 6
V | Restore              |   config_generators        = 
V | Restore              |   host                     = VisualStudio
V | Restore              |   num_custom_components    = 0
V | Restore              |   num_custom_extensions    = 0
V | Restore              |   num_partitioned_targets  = 0
V | Restore              |   num_secrets              = 0
V | Restore              |   num_targets              = 3
V | Restore              |   os_architecture          = X64
V | Restore              |   os_platform              = Windows
V | Restore              |   repo_branch              = main
V | Restore              |   repo_commit              = 09cd01
V | Restore              |   repo_provider            = GitHub
V | Restore              |   repo_url                 = a7e3b4
V | Restore              |   target_current_partition = 1
V | Restore              |   target_duration          = 1
V | Restore              |   target_framework         = .NETCoreApp,Version=v8.0
V | Restore              |   target_name              = Restore
V | Restore              |   target_total_partitions  = 1
V | Restore              |   version_dotnet_sdk       = 8.0.400
V | Restore              |   version_nuke_common      = 8.1.0
V | Restore              |   version_nuke_global_tool = 8.1.0
V | Restore              | EventInvoker.OnTargetSucceeded (-3.4028235E+38)
V | Compile              | EventInvoker.OnTargetRunning (-3.4028235E+38)
I | Compile              | > "C:\Program Files\dotnet\dotnet.exe" build C:\Development\OCRmyPDF-Server\OCRmyPDF-Server.sln --configuration Debug --no-restore /property:AssemblyVersion=0.1.0.0 /property:FileVersion=0.1.0.0 /property:InformationalVersion=0.1.0+4.Branch.master.Sha.8203ebc1d816499928c166e3d75ebcfb26adb7ae
V | Compile              | @ C:\Development\OCRmyPDF-Server
D | Compile              |   OCRmyPDF-Server -> C:\Development\OCRmyPDF-Server\src\OCRmyPDF-Server\bin\Debug\net8.0\OCRmyPDF-Server.dll
D | Compile              | 
D | Compile              | Der Buildvorgang wurde erfolgreich ausgeführt.
D | Compile              |     0 Warnung(en)
D | Compile              |     0 Fehler
D | Compile              | 
D | Compile              | Verstrichene Zeit 00:00:02.69
V | Compile              | Telemetry.OnTargetSucceeded (0)
V | Compile              | Sending TargetSucceeded telemetry event ...
V | Compile              |   build_components         = 
V | Compile              |   build_type               = Project
V | Compile              |   compile_time             = 9
V | Compile              |   config_generators        = 
V | Compile              |   host                     = VisualStudio
V | Compile              |   num_custom_components    = 0
V | Compile              |   num_custom_extensions    = 0
V | Compile              |   num_partitioned_targets  = 0
V | Compile              |   num_secrets              = 0
V | Compile              |   num_targets              = 3
V | Compile              |   os_architecture          = X64
V | Compile              |   os_platform              = Windows
V | Compile              |   repo_branch              = main
V | Compile              |   repo_commit              = 09cd01
V | Compile              |   repo_provider            = GitHub
V | Compile              |   repo_url                 = a7e3b4
V | Compile              |   target_current_partition = 1
V | Compile              |   target_duration          = 3
V | Compile              |   target_framework         = .NETCoreApp,Version=v8.0
V | Compile              |   target_name              = Compile
V | Compile              |   target_total_partitions  = 1
V | Compile              |   version_dotnet_sdk       = 8.0.400
V | Compile              |   version_nuke_common      = 8.1.0
V | Compile              |   version_nuke_global_tool = 8.1.0
V | Compile              | EventInvoker.OnTargetSucceeded (-3.4028235E+38)
V |                      | UpdateNotification.OnBuildFinished (10)
V |                      | SerializeBuildServerState.OnBuildFinished (0)
V |                      | EventInvoker.OnBuildFinished (-3.4028235E+38)
